<?xml version="1.0" encoding="UTF-8"?>
<!-- Generated by org.testng.reporters.JUnitXMLReporter -->
<testsuite ignored="0" hostname="macbook-pro-2.lan" failures="1" tests="20" name="Login Tests" time="104.946" errors="0" timestamp="2025-10-01T12:56:29 EDT">
  <testcase classname="com.OrangeHRM.qa.testcases.LoginPageTest" name="loginPageTitleTest" time="0.109"/>
  <testcase classname="com.OrangeHRM.qa.testcases.LoginPageTest" name="loginPageImageTest" time="0.299"/>
  <testcase classname="com.OrangeHRM.qa.testcases.LoginPageTest" name="loginTest" time="1.463">
    <failure type="java.lang.AssertionError" message="expected [Failed_OrangeHRM] but found [OrangeHRM]">
      <![CDATA[java.lang.AssertionError: expected [Failed_OrangeHRM] but found [OrangeHRM]
at com.OrangeHRM.qa.testcases.LoginPageTest.loginTest(LoginPageTest.java:41)
at java.base/java.util.ArrayList.forEach(ArrayList.java:1596)
... Removed 35 stack frames]]>
    </failure>
  </testcase> <!-- loginTest -->
  <testcase classname="com.OrangeHRM.qa.testcases.DashboardPageTest" name="verifyDashboardPageTitleTest" time="0.024"/>
  <testcase classname="com.OrangeHRM.qa.testcases.DashboardPageTest" name="verifyDashboardLabelTest" time="0.182"/>
  <testcase classname="com.OrangeHRM.qa.testcases.DashboardPageTest" name="verifyAllMenuLinks" time="0.525"/>
  <testcase classname="com.OrangeHRM.qa.testcases.DashboardPageTest" name="verifyTimeAtWorkWidgetTest" time="0.197"/>
  <testcase classname="com.OrangeHRM.qa.testcases.DashboardPageTest" name="verifyMyActionsWidgetTest" time="0.196"/>
  <testcase classname="com.OrangeHRM.qa.testcases.DashboardPageTest" name="verifyQuickLaunchWidgetTest" time="0.197"/>
  <testcase classname="com.OrangeHRM.qa.testcases.DashboardPageTest" name="verifyBuzzLatestPostsWidgetTest" time="0.206"/>
  <testcase classname="com.OrangeHRM.qa.testcases.DashboardPageTest" name="verifyEmployeesOnLeaveTodayWidgetTest" time="0.934"/>
  <testcase classname="com.OrangeHRM.qa.testcases.DashboardPageTest" name="verifyEmployeeDistributionWidgetTest" time="0.193"/>
  <testcase classname="com.OrangeHRM.qa.testcases.DashboardPageTest" name="verifyQuickLaunchPanelTest" time="0.212"/>
  <testcase classname="com.OrangeHRM.qa.testcases.AdminPageTest" name="verifyAdminPageTitleTest" time="0.706"/>
  <testcase classname="com.OrangeHRM.qa.testcases.AdminPageTest" name="verifyAdminPageLabelTest" time="0.872"/>
  <testcase classname="com.OrangeHRM.qa.testcases.AdminPageTest" name="verifyUserManagementMenuTest" time="1.204"/>
  <testcase classname="com.OrangeHRM.qa.testcases.AdminPageTest" name="verifyJobMenuTest" time="3.617"/>
  <testcase classname="com.OrangeHRM.qa.testcases.PIMPageTest" name="verifyPIMPageTitleTest" time="0.626"/>
  <testcase classname="com.OrangeHRM.qa.testcases.PIMPageTest" name="verifyPIMLabelTest" time="1.621"/>
  <testcase classname="com.OrangeHRM.qa.testcases.PIMPageTest" name="verifyConfigurationDropdownLinksTest" time="3.068"/>
</testsuite> <!-- Login Tests -->
